<?xml version="1.0" encoding="UTF-8"?>
<!-- Generated by org.testng.reporters.JUnitXMLReporter -->
<testsuite ignored="2" hostname="DESKTOP-8HHNTGP" failures="0" tests="1" name="Default test(failed)" time="0.078" errors="0" timestamp="2022-06-26T19:23:43 IST">
  <testcase classname="testNgKeyword.PriorityUse" name="a" time="0.012"/>
  <testcase classname="testNgKeyword.PriorityUse" name="v" time="0.0">
    <ignored/>
  </testcase> <!-- v -->
  <testcase classname="testNgKeyword.PriorityUse" name="d" time="0.0">
    <ignored/>
  </testcase> <!-- d -->
</testsuite> <!-- Default test(failed) -->
