<?xml version="1.0" encoding="UTF-8"?>
<!-- Generated by org.testng.reporters.JUnitXMLReporter -->
<testsuite ignored="0" hostname="DESKTOP-8HHNTGP" failures="2" tests="6" name="Test" time="0.116" errors="0" timestamp="2022-07-12T10:54:43 IST">
  <testcase classname="listnerTest.MyTest2" name="myMethod4" time="0.011"/>
  <testcase classname="listnerTest.MyTest2" name="myMethod5" time="0.006">
    <failure type="java.lang.AssertionError" message="null">
      <![CDATA[java.lang.AssertionError: null
at listnerTest.MyTest2.myMethod5(MyTest2.java:19)
at java.base/java.util.ArrayList.forEach(ArrayList.java:1511)
... Removed 29 stack frames]]>
    </failure>
  </testcase> <!-- myMethod5 -->
  <testcase classname="listnerTest.MyTest2" name="myMethod6" time="0.0">
    <skipped/>
  </testcase> <!-- myMethod6 -->
  <testcase classname="listnerTest.MyTest" name="myMethod1" time="0.001"/>
  <testcase classname="listnerTest.MyTest" name="myMethod2" time="0.005">
    <failure type="java.lang.AssertionError" message="null">
      <![CDATA[java.lang.AssertionError: null
at listnerTest.MyTest.myMethod2(MyTest.java:19)
at java.base/java.util.ArrayList.forEach(ArrayList.java:1511)
... Removed 29 stack frames]]>
    </failure>
  </testcase> <!-- myMethod2 -->
  <testcase classname="listnerTest.MyTest" name="myMethod3" time="0.0">
    <skipped/>
  </testcase> <!-- myMethod3 -->
</testsuite> <!-- Test -->
